2025-07-19 03:11:48,183 - DEBUG - 🔥 Logging initialized correctamente
2025-07-19 03:11:50,398 - INFO - Loaded updated data from: /home/oa/projects/uni/data/PENSUM-Ingenieria-de-Datos-e-Inteligencia-Organizacional.pdf_updated.csv
2025-07-19 03:12:23,402 - INFO - Loaded updated data from: /home/oa/projects/uni/data/PENSUM-Ingenieria-de-Datos-e-Inteligencia-Organizacional.pdf_updated.csv
2025-07-19 03:14:45,734 - DEBUG - 🔥 Logging initialized correctamente
2025-07-19 03:14:48,523 - INFO - Loaded updated data from: /home/oa/projects/uni/data/PENSUM-Ingenieria-de-Datos-e-Inteligencia-Organizacional.pdf_updated.csv
2025-07-19 03:15:24,305 - INFO - Loaded updated data from: /home/oa/projects/uni/data/PENSUM-Ingenieria-de-Datos-e-Inteligencia-Organizacional.pdf_updated.csv
2025-07-19 03:15:24,307 - INFO - Assigned grade 94.0 to subject: ADMINISTRACION I
2025-07-19 03:15:53,583 - INFO - Loaded updated data from: /home/oa/projects/uni/data/PENSUM-Ingenieria-de-Datos-e-Inteligencia-Organizacional.pdf_updated.csv
2025-07-19 03:20:04,008 - DEBUG - 🔥 Logging initialized correctamente
2025-07-19 03:20:36,638 - DEBUG - 🔥 Logging initialized correctamente
2025-07-19 03:20:38,959 - INFO - Loaded updated data from: /home/oa/projects/uni/data/PENSUM-Ingenieria-de-Datos-e-Inteligencia-Organizacional.pdf_updated.csv
2025-07-19 03:22:55,933 - DEBUG - 🔥 Logging initialized correctamente
2025-07-19 03:23:07,145 - ERROR - Failed to load updated data, falling back to PDF: [Errno 2] No such file or directory: '/home/oa/projects/uni/data/PENSUM-Ingenieria-de-Datos-e-Inteligencia-Organizacional.pdf_updated.csv_updated.csv'
2025-07-19 03:28:48,639 - DEBUG - 🔥 Logging initialized correctamente
2025-07-19 03:28:57,748 - ERROR - Failed to load updated data, falling back to PDF: [Errno 2] No such file or directory: '/home/oa/projects/uni/data/PENSUM-Ingenieria-de-Datos-e-Inteligencia-Organizacional.pdf_updated.csv'
2025-07-19 03:29:10,687 - ERROR - Failed to load updated data, falling back to PDF: [Errno 2] No such file or directory: '/home/oa/projects/uni/data/PENSUM-Ingenieria-de-Datos-e-Inteligencia-Organizacional.pdf_updated.csv'
2025-07-19 03:29:10,861 - INFO - Assigned grade 94.0 to subject: ADMINISTRACION I
2025-07-19 03:29:10,863 - INFO - ✅ Data saved to /home/oa/projects/uni/data/PENSUM-Ingenieria-de-Datos-e-Inteligencia-Organizacional_updated.csv
2025-07-19 03:29:34,506 - ERROR - Failed to load updated data, falling back to PDF: [Errno 2] No such file or directory: '/home/oa/projects/uni/data/PENSUM-Ingenieria-de-Datos-e-Inteligencia-Organizacional_updated.csv_updated.csv'
2025-07-19 03:32:03,766 - DEBUG - 🔥 Logging initialized correctamente
2025-07-19 03:32:08,254 - ERROR - Failed to load updated data, falling back to PDF: [Errno 2] No such file or directory: '/home/oa/projects/uni/data/PENSUM-Ingenieria-de-Datos-e-Inteligencia-Organizacional.pdf_updated.csv'
2025-07-19 03:32:18,723 - ERROR - Failed to load updated data, falling back to PDF: [Errno 2] No such file or directory: '/home/oa/projects/uni/data/PENSUM-Ingenieria-de-Datos-e-Inteligencia-Organizacional.pdf_updated.csv'
2025-07-19 03:32:18,894 - INFO - Assigned grade 94.0 to subject: ADMINISTRACION I
2025-07-19 03:33:29,524 - ERROR - Failed to load updated data, falling back to PDF: [Errno 2] No such file or directory: '/home/oa/projects/uni/data/PENSUM-Ingenieria-de-Datos-e-Inteligencia-Organizacional.pdf_updated.csv_updated.csv'
2025-07-19 03:43:33,683 - DEBUG - 🔥 Logging initialized correctamente
2025-07-19 03:43:41,703 - ERROR - Failed to load updated data, falling back to PDF: [Errno 2] No such file or directory: '/home/oa/projects/uni/data/PENSUM-Ingenieria-de-Datos-e-Inteligencia-Organizacional.pdf_updated_updated.csv'
2025-07-19 03:43:54,290 - DEBUG - 🔥 Logging initialized correctamente
2025-07-19 03:43:59,145 - ERROR - Failed to load updated data, falling back to PDF: [Errno 2] No such file or directory: '/home/oa/projects/uni/data/PENSUM-Ingenieria-de-Datos-e-Inteligencia-Organizacional_updated.csv'
2025-07-19 03:44:16,688 - ERROR - Failed to load updated data, falling back to PDF: [Errno 2] No such file or directory: '/home/oa/projects/uni/data/PENSUM-Ingenieria-de-Datos-e-Inteligencia-Organizacional_updated.csv'
2025-07-19 03:44:16,864 - INFO - Assigned grade 94.0 to subject: ADMINISTRACION I
2025-07-19 03:44:26,631 - ERROR - Failed to load updated data, falling back to PDF: [Errno 2] No such file or directory: '/home/oa/projects/uni/data/PENSUM-Ingenieria-de-Datos-e-Inteligencia-Organizacional_updated_updated.csv'
2025-07-19 03:52:01,842 - DEBUG - 🔥 Logging initialized correctamente
2025-07-19 03:52:11,228 - INFO - Loaded updated data from: /home/oa/projects/uni/data/PENSUM-Ingenieria-de-Datos-e-Inteligencia-Organizacional_updated.csv
2025-07-19 03:52:43,517 - INFO - Loaded updated data from: /home/oa/projects/uni/data/PENSUM-Ingenieria-de-Datos-e-Inteligencia-Organizacional_updated.csv
2025-07-19 03:52:55,128 - INFO - Loaded updated data from: /home/oa/projects/uni/data/PENSUM-Ingenieria-de-Datos-e-Inteligencia-Organizacional_updated.csv
2025-07-19 03:52:55,134 - INFO - Assigned grade 94.0 to subject: ADMINISTRACION I
2025-07-19 03:53:18,878 - INFO - Loaded updated data from: /home/oa/projects/uni/data/PENSUM-Ingenieria-de-Datos-e-Inteligencia-Organizacional_updated_updated.csv
2025-07-19 03:53:34,422 - INFO - Loaded updated data from: /home/oa/projects/uni/data/PENSUM-Ingenieria-de-Datos-e-Inteligencia-Organizacional_updated.csv
2025-07-19 03:53:54,746 - ERROR - Failed to load updated data, falling back to PDF: [Errno 2] No such file or directory: '/home/oa/projects/uni/data/PENSUM-Ingenieria-de-Datos-e-Inteligencia-Organizacional.csv'
2025-07-19 03:54:08,072 - ERROR - Failed to load updated data, falling back to PDF: [Errno 2] No such file or directory: '/home/oa/projects/uni/data/PENSUM-Ingenieria-de-Datos-e-Inteligencia-Organizacional.csv'
2025-07-19 03:54:08,272 - INFO - Assigned grade 94.0 to subject: ADMINISTRACION I
2025-07-19 03:54:38,375 - DEBUG - 🔥 Logging initialized correctamente
2025-07-19 03:54:44,027 - INFO - Loaded updated data from: /home/oa/projects/uni/data/PENSUM-Ingenieria-de-Datos-e-Inteligencia-Organizacional_updated.csv
2025-07-19 03:55:08,730 - INFO - Loaded updated data from: /home/oa/projects/uni/data/PENSUM-Ingenieria-de-Datos-e-Inteligencia-Organizacional_updated.csv
2025-07-19 03:55:08,732 - INFO - Assigned grade 94.0 to subject: ADMINISTRACION I
2025-07-19 04:05:15,311 - DEBUG - 🔥 Logging initialized correctamente
2025-07-19 04:05:21,540 - ERROR - Failed to load updated data, falling back to PDF: [Errno 2] No such file or directory: '/home/oa/projects/uni/data/PENSUM-Ingenieria-de-Datos-e-Inteligencia-Organizacional.csv'
2025-07-19 04:05:33,418 - ERROR - Failed to load updated data, falling back to PDF: [Errno 2] No such file or directory: '/home/oa/projects/uni/data/PENSUM-Ingenieria-de-Datos-e-Inteligencia-Organizacional.csv'
2025-07-19 04:05:33,592 - INFO - Assigned grade 94.0 to subject: ADMINISTRACION I
2025-07-19 04:06:39,686 - DEBUG - 🔥 Logging initialized correctamente
2025-07-19 04:06:43,565 - ERROR - Failed to load updated data, falling back to PDF: [Errno 2] No such file or directory: '/home/oa/projects/uni/data/PENSUM-Ingenieria-de-Datos-e-Inteligencia-Organizacional_updated_updated.csv'
2025-07-19 04:07:23,876 - DEBUG - 🔥 Logging initialized correctamente
2025-07-19 04:07:27,693 - INFO - Loaded updated data from: /home/oa/projects/uni/data/PENSUM-Ingenieria-de-Datos-e-Inteligencia-Organizacional_updated.csv
2025-07-19 04:15:42,055 - DEBUG - 🔥 Logging initialized correctamente
2025-07-19 04:15:46,285 - INFO - Loaded updated data from: /home/oa/projects/uni/data/PENSUM-Ingenieria-de-Datos-e-Inteligencia-Organizacional_updated.csv
2025-07-19 04:24:48,059 - DEBUG - 🔥 Logging initialized correctamente
2025-07-19 04:28:19,130 - DEBUG - 🔥 Logging initialized correctamente
2025-07-19 04:28:22,748 - INFO - Loaded data directly from CSV: /home/oa/projects/uni/data/PENSUM-Ingenieria-de-Datos-e-Inteligencia-Organizacional_updated.csv
2025-07-19 04:45:14,955 - DEBUG - 🔥 Logging initialized correctamente
2025-07-19 04:45:20,424 - INFO - Loaded data directly from CSV: /home/oa/projects/uni/data/PENSUM-Ingenieria-de-Datos-e-Inteligencia-Organizacional_updated.csv
2025-07-19 04:45:53,690 - INFO - Loaded data directly from CSV: /home/oa/projects/uni/data/PENSUM-Ingenieria-de-Datos-e-Inteligencia-Organizacional_updated.csv
2025-07-19 04:45:53,692 - INFO - Assigned grade 94.0 to subject: ADMINISTRACION I
2025-07-19 04:46:13,290 - DEBUG - 🔥 Logging initialized correctamente
2025-07-19 04:46:43,073 - INFO - Loaded data directly from CSV: /home/oa/projects/uni/data/PENSUM-Ingenieria-de-Datos-e-Inteligencia-Organizacional_updated_updated.csv
2025-07-19 04:52:14,045 - DEBUG - 🔥 Logging initialized correctamente
2025-07-19 04:52:32,873 - DEBUG - 🔥 Logging initialized correctamente
2025-07-19 04:52:37,023 - INFO - Updated CSV not found. Loading from PDF: /home/oa/projects/uni/data/PENSUM-Ingenieria-de-Datos-e-Inteligencia-Organizacional.pdf
2025-07-19 04:52:51,192 - INFO - Updated CSV not found. Loading from PDF: /home/oa/projects/uni/data/PENSUM-Ingenieria-de-Datos-e-Inteligencia-Organizacional.pdf
2025-07-19 04:52:51,397 - INFO - Assigned grade 94.0 to subject: ADMINISTRACION I
2025-07-19 04:52:51,399 - INFO - Saved updated data to: /home/oa/projects/uni/data/PENSUM-Ingenieria-de-Datos-e-Inteligencia-Organizacional_updated.pdf
2025-07-19 04:53:39,161 - DEBUG - 🔥 Logging initialized correctamente
2025-07-19 04:53:41,742 - INFO - Updated CSV not found. Loading from PDF: /home/oa/projects/uni/data/PENSUM-Ingenieria-de-Datos-e-Inteligencia-Organizacional.pdf
2025-07-19 04:53:50,523 - INFO - Updated CSV not found. Loading from PDF: /home/oa/projects/uni/data/PENSUM-Ingenieria-de-Datos-e-Inteligencia-Organizacional.pdf
2025-07-19 04:53:50,730 - INFO - Assigned grade 94.0 to subject: ADMINISTRACION I
2025-07-19 05:14:56,981 - DEBUG - 🔥 Logging initialized correctamente
2025-07-19 05:15:03,187 - INFO - Loaded data directly from CSV: /home/oa/projects/uni/data/PENSUM-Ingenieria-de-Datos-e-Inteligencia-Organizacional_updated.csv
2025-07-19 05:28:27,353 - DEBUG - 🔥 Logging initialized correctamente
2025-07-19 05:32:26,451 - DEBUG - 🔥 Logging initialized correctamente
2025-07-19 05:32:37,183 - DEBUG - 🔥 Logging initialized correctamente
2025-07-19 05:32:42,019 - INFO - Loaded data directly from CSV: /home/oa/projects/uni/data/PENSUM-Ingenieria-de-Datos-e-Inteligencia-Organizacional_updated.csv
2025-07-19 05:36:02,019 - DEBUG - 🔥 Logging initialized correctamente
2025-07-19 05:36:06,910 - INFO - Loaded data directly from CSV: /home/oa/projects/uni/data/PENSUM-Ingenieria-de-Datos-e-Inteligencia-Organizacional_updated.csv
2025-07-19 05:39:04,513 - ERROR - Failed to load CSV file: 'clave'
2025-07-19 05:39:13,553 - DEBUG - 🔥 Logging initialized correctamente
2025-07-19 05:39:30,432 - INFO - Loaded data directly from CSV: /home/oa/projects/uni/data/PENSUM-Ingenieria-de-Datos-e-Inteligencia-Organizacional_updated.csv
2025-07-19 05:45:27,162 - DEBUG - 🔥 Logging initialized correctamente
2025-07-19 05:45:41,588 - DEBUG - 🔥 Logging initialized correctamente
2025-07-19 05:45:45,612 - INFO - Updated CSV not found. Loading from PDF: /home/oa/projects/uni/data/PENSUM-Ingenieria-de-Datos-e-Inteligencia-Organizacional.pdf
2025-07-19 05:46:02,468 - INFO - Updated CSV not found. Loading from PDF: /home/oa/projects/uni/data/PENSUM-Ingenieria-de-Datos-e-Inteligencia-Organizacional.pdf
2025-07-19 05:46:02,640 - INFO - Assigned grade 94.0 to subject: ADMINISTRACION I
2025-07-19 05:46:11,013 - DEBUG - 🔥 Logging initialized correctamente
2025-07-19 05:46:15,168 - INFO - Loaded data directly from CSV: /home/oa/projects/uni/data/PENSUM-Ingenieria-de-Datos-e-Inteligencia-Organizacional_updated.csv
2025-07-19 05:47:04,452 - DEBUG - 🔥 Logging initialized correctamente
2025-07-19 05:47:08,137 - INFO - Loaded data directly from CSV: /home/oa/projects/uni/data/PENSUM-Ingenieria-de-Datos-e-Inteligencia-Organizacional_updated.csv
2025-07-19 05:53:28,925 - DEBUG - 🔥 Logging initialized correctamente
2025-07-19 05:53:35,037 - INFO - Loaded data directly from CSV: /home/oa/projects/uni/data/PENSUM-Ingenieria-de-Datos-e-Inteligencia-Organizacional_updated.csv
2025-07-19 05:55:42,960 - INFO - Loaded data directly from CSV: /home/oa/projects/uni/data/PENSUM-Ingenieria-de-Datos-e-Inteligencia-Organizacional_updated.csv
2025-07-19 05:55:42,963 - WARNING - Multiple matches found for 'FISICA I': ['FISICA I', 'FISICA II']
2025-07-19 05:55:42,964 - INFO - Assigned grade 91.0 to subject: FISICA I
2025-07-19 06:01:54,838 - DEBUG - 🔥 Logging initialized correctamente
2025-07-19 06:01:59,121 - INFO - Loaded data directly from CSV: /home/oa/projects/uni/data/PENSUM-Ingenieria-de-Datos-e-Inteligencia-Organizacional_updated.csv
2025-07-19 06:02:22,528 - INFO - Loaded data directly from CSV: /home/oa/projects/uni/data/PENSUM-Ingenieria-de-Datos-e-Inteligencia-Organizacional_updated.csv
2025-07-19 06:02:22,531 - WARNING - Multiple matches found for 'FISICA I': ['FISICA I', 'FISICA II']
2025-07-19 06:02:22,532 - INFO - Assigned grade 91.0 to subject: FISICA I
2025-07-19 06:04:13,725 - DEBUG - 🔥 Logging initialized correctamente
2025-07-19 06:04:16,268 - INFO - Loaded data directly from CSV: /home/oa/projects/uni/data/PENSUM-Ingenieria-de-Datos-e-Inteligencia-Organizacional_updated.csv
2025-07-19 06:04:25,314 - INFO - Loaded data directly from CSV: /home/oa/projects/uni/data/PENSUM-Ingenieria-de-Datos-e-Inteligencia-Organizacional_updated.csv
2025-07-19 06:04:25,316 - WARNING - Multiple matches found for 'FISICA I': ['FISICA I', 'FISICA II']
2025-07-19 06:04:25,316 - INFO - Assigned grade 91.0 to subject: FISICA I
2025-07-19 06:06:01,240 - DEBUG - 🔥 Logging initialized correctamente
2025-07-19 06:06:03,583 - INFO - Loaded data directly from CSV: /home/oa/projects/uni/data/PENSUM-Ingenieria-de-Datos-e-Inteligencia-Organizacional_updated.csv
2025-07-19 06:06:18,718 - INFO - Loaded data directly from CSV: /home/oa/projects/uni/data/PENSUM-Ingenieria-de-Datos-e-Inteligencia-Organizacional_updated.csv
2025-07-19 06:06:18,720 - WARNING - Multiple matches found for 'FISICA I': ['FISICA I', 'FISICA II']
2025-07-19 06:06:18,720 - INFO - Assigned grade 91.0 to subject: FISICA I
2025-07-19 06:06:30,117 - DEBUG - 🔥 Logging initialized correctamente
2025-07-19 06:06:32,930 - INFO - Loaded data directly from CSV: /home/oa/projects/uni/data/PENSUM-Ingenieria-de-Datos-e-Inteligencia-Organizacional_updated.csv
2025-07-19 06:10:29,414 - DEBUG - 🔥 Logging initialized correctamente
2025-07-19 06:10:32,919 - INFO - Updated CSV not found. Loading from PDF: /home/oa/projects/uni/data/PENSUM-Ingenieria-de-Datos-e-Inteligencia-Organizacional.pdf
2025-07-19 06:10:46,259 - INFO - Updated CSV not found. Loading from PDF: /home/oa/projects/uni/data/PENSUM-Ingenieria-de-Datos-e-Inteligencia-Organizacional.pdf
2025-07-19 06:10:46,466 - INFO - Assigned grade 94.0 to subject: ADMINISTRACION I
2025-07-19 06:10:58,851 - DEBUG - 🔥 Logging initialized correctamente
2025-07-19 06:11:01,792 - INFO - Loaded data directly from CSV: /home/oa/projects/uni/data/PENSUM-Ingenieria-de-Datos-e-Inteligencia-Organizacional_updated.csv
2025-07-19 06:11:10,628 - INFO - Loaded data directly from CSV: /home/oa/projects/uni/data/PENSUM-Ingenieria-de-Datos-e-Inteligencia-Organizacional_updated.csv
2025-07-19 06:11:10,629 - WARNING - No match found for: FISICA I 
2025-07-19 06:12:22,148 - INFO - Loaded data directly from CSV: /home/oa/projects/uni/data/PENSUM-Ingenieria-de-Datos-e-Inteligencia-Organizacional_updated.csv
2025-07-19 06:12:22,149 - WARNING - Multiple matches found for 'FISICA I': ['FISICA I', 'FISICA II']
2025-07-19 06:12:22,150 - INFO - Assigned grade 91.0 to subject: FISICA I
2025-07-19 13:29:38,605 - DEBUG - 🔥 Logging initialized correctamente
2025-07-19 13:29:44,406 - INFO - Loaded data directly from CSV: /home/oa/projects/uni/data/PENSUM-Ingenieria-de-Datos-e-Inteligencia-Organizacional_updated.csv
2025-07-19 13:35:04,847 - DEBUG - 🔥 Logging initialized correctamente
2025-07-19 13:35:09,394 - INFO - Loaded data directly from CSV: /home/oa/projects/uni/data/PENSUM-Ingenieria-de-Datos-e-Inteligencia-Organizacional_updated.csv
2025-07-19 13:37:46,809 - DEBUG - 🔥 Logging initialized correctamente
2025-07-19 13:37:49,908 - INFO - Loaded data directly from CSV: /home/oa/projects/uni/data/PENSUM-Ingenieria-de-Datos-e-Inteligencia-Organizacional_updated.csv
2025-07-19 13:50:12,608 - DEBUG - 🔥 Logging initialized correctamente
2025-07-19 13:50:15,318 - INFO - Loaded data directly from CSV: /home/oa/projects/uni/data/PENSUM-Ingenieria-de-Datos-e-Inteligencia-Organizacional_updated.csv
2025-07-19 13:51:20,571 - DEBUG - 🔥 Logging initialized correctamente
2025-07-19 13:51:22,945 - INFO - Loaded data directly from CSV: /home/oa/projects/uni/data/PENSUM-Ingenieria-de-Datos-e-Inteligencia-Organizacional_updated.csv
2025-07-19 21:11:21,041 - DEBUG - 🔥 Logging initialized correctamente
2025-07-19 21:11:35,894 - INFO - Loaded data directly from CSV: /home/oa/projects/uni/data/PENSUM-Ingenieria-de-Datos-e-Inteligencia-Organizacional_updated.csv
2025-07-19 21:13:03,410 - DEBUG - 🔥 Logging initialized correctamente
2025-07-19 21:13:05,721 - INFO - Loaded data directly from CSV: /home/oa/projects/uni/data/PENSUM-Ingenieria-de-Datos-e-Inteligencia-Organizacional_updated.csv
2025-07-19 21:20:04,010 - DEBUG - 🔥 Logging initialized correctamente
2025-07-19 21:20:09,361 - INFO - Loaded data directly from CSV: /home/oa/projects/uni/data/PENSUM-Ingenieria-de-Datos-e-Inteligencia-Organizacional_updated.csv
2025-07-19 21:21:22,797 - DEBUG - 🔥 Logging initialized correctamente
2025-07-19 21:21:25,796 - INFO - Loaded data directly from CSV: /home/oa/projects/uni/data/PENSUM-Ingenieria-de-Datos-e-Inteligencia-Organizacional_updated.csv
2025-07-19 21:35:16,848 - DEBUG - 🔥 Logging initialized correctamente
2025-07-19 21:35:19,528 - INFO - Loaded data directly from CSV: /home/oa/projects/uni/data/PENSUM-Ingenieria-de-Datos-e-Inteligencia-Organizacional_updated.csv
2025-07-19 21:36:03,144 - DEBUG - 🔥 Logging initialized correctamente
2025-07-19 21:36:05,744 - INFO - Loaded data directly from CSV: /home/oa/projects/uni/data/PENSUM-Ingenieria-de-Datos-e-Inteligencia-Organizacional_updated.csv
2025-07-19 21:49:00,398 - DEBUG - 🔥 Logging initialized correctamente
2025-07-19 21:49:04,174 - INFO - Loaded data directly from CSV: /home/oa/projects/uni/data/PENSUM-Ingenieria-de-Datos-e-Inteligencia-Organizacional_updated.csv
2025-07-19 21:56:26,158 - DEBUG - 🔥 Logging initialized correctamente
2025-07-19 21:56:28,652 - INFO - Loaded data directly from CSV: /home/oa/projects/uni/data/PENSUM-Ingenieria-de-Datos-e-Inteligencia-Organizacional_updated.csv
2025-07-19 22:06:57,158 - DEBUG - 🔥 Logging initialized correctamente
2025-07-19 22:06:59,959 - INFO - Loaded data directly from CSV: /home/oa/projects/uni/data/PENSUM-Ingenieria-de-Datos-e-Inteligencia-Organizacional_updated.csv
2025-07-19 22:12:57,983 - DEBUG - 🔥 Logging initialized correctamente
2025-07-19 22:14:45,170 - DEBUG - 🔥 Logging initialized correctamente
2025-07-19 22:14:47,842 - INFO - Loaded data directly from CSV: /home/oa/projects/uni/data/PENSUM-Ingenieria-de-Datos-e-Inteligencia-Organizacional_updated.csv
2025-07-19 22:26:33,255 - DEBUG - 🔥 Logging initialized correctamente
2025-07-19 22:26:36,832 - INFO - Loaded data directly from CSV: /home/oa/projects/uni/data/PENSUM-Ingenieria-de-Datos-e-Inteligencia-Organizacional_updated.csv
2025-07-19 22:26:54,827 - DEBUG - 🔥 Logging initialized correctamente
2025-07-19 22:26:57,282 - INFO - Loaded data directly from CSV: /home/oa/projects/uni/data/PENSUM-Ingenieria-de-Datos-e-Inteligencia-Organizacional_updated.csv
2025-07-19 22:27:08,925 - DEBUG - 🔥 Logging initialized correctamente
2025-07-19 22:27:11,218 - INFO - Loaded data directly from CSV: /home/oa/projects/uni/data/PENSUM-Ingenieria-de-Datos-e-Inteligencia-Organizacional_updated.csv
2025-07-19 22:27:21,323 - DEBUG - 🔥 Logging initialized correctamente
2025-07-19 22:27:23,481 - INFO - Loaded data directly from CSV: /home/oa/projects/uni/data/PENSUM-Ingenieria-de-Datos-e-Inteligencia-Organizacional_updated.csv
2025-07-19 22:27:41,500 - DEBUG - 🔥 Logging initialized correctamente
2025-07-19 22:27:43,237 - INFO - Loaded data directly from CSV: /home/oa/projects/uni/data/PENSUM-Ingenieria-de-Datos-e-Inteligencia-Organizacional_updated.csv
2025-07-19 22:27:58,208 - DEBUG - 🔥 Logging initialized correctamente
2025-07-19 22:28:00,330 - INFO - Loaded data directly from CSV: /home/oa/projects/uni/data/PENSUM-Ingenieria-de-Datos-e-Inteligencia-Organizacional_updated.csv
2025-07-19 22:38:36,838 - DEBUG - 🔥 Logging initialized correctamente
2025-07-19 22:38:39,656 - INFO - Loaded data directly from CSV: /home/oa/projects/uni/data/PENSUM-Ingenieria-de-Datos-e-Inteligencia-Organizacional_updated.csv
2025-07-19 23:38:17,519 - DEBUG - 🔥 Logging initialized correctamente
2025-07-19 23:38:21,614 - INFO - Loaded data directly from CSV: /home/oa/projects/uni/data/PENSUM-Ingenieria-de-Datos-e-Inteligencia-Organizacional_updated.csv
2025-07-19 23:41:47,366 - DEBUG - 🔥 Logging initialized correctamente
2025-07-19 23:41:51,365 - INFO - Loaded data directly from CSV: /home/oa/projects/uni/data/PENSUM-Ingenieria-de-Datos-e-Inteligencia-Organizacional_updated.csv
2025-07-19 23:44:32,917 - DEBUG - 🔥 Logging initialized correctamente
2025-07-19 23:44:37,479 - INFO - Loaded data directly from CSV: /home/oa/projects/uni/data/PENSUM-Ingenieria-de-Datos-e-Inteligencia-Organizacional_updated.csv
2025-07-19 23:45:05,847 - DEBUG - 🔥 Logging initialized correctamente
2025-07-19 23:45:08,183 - INFO - Loaded data directly from CSV: /home/oa/projects/uni/data/PENSUM-Ingenieria-de-Datos-e-Inteligencia-Organizacional_updated.csv
2025-07-19 23:46:54,866 - DEBUG - 🔥 Logging initialized correctamente
2025-07-19 23:47:02,925 - INFO - Loaded data directly from CSV: /home/oa/projects/uni/data/PENSUM-Ingenieria-de-Datos-e-Inteligencia-Organizacional_updated.csv
2025-07-19 23:52:21,552 - DEBUG - 🔥 Logging initialized correctamente
2025-07-19 23:52:53,824 - DEBUG - 🔥 Logging initialized correctamente
2025-07-19 23:53:18,006 - DEBUG - 🔥 Logging initialized correctamente
2025-07-19 23:54:06,996 - DEBUG - 🔥 Logging initialized correctamente
2025-07-19 23:54:29,801 - DEBUG - 🔥 Logging initialized correctamente
2025-07-19 23:55:25,915 - DEBUG - 🔥 Logging initialized correctamente
2025-07-19 23:55:29,738 - INFO - Loaded data directly from CSV: /home/oa/projects/uni/data/PENSUM-Ingenieria-de-Datos-e-Inteligencia-Organizacional_updated.csv
2025-07-19 23:56:26,463 - DEBUG - 🔥 Logging initialized correctamente
2025-07-19 23:56:41,636 - DEBUG - 🔥 Logging initialized correctamente
2025-07-19 23:56:43,892 - INFO - Loaded data directly from CSV: /home/oa/projects/uni/data/PENSUM-Ingenieria-de-Datos-e-Inteligencia-Organizacional_updated.csv
2025-07-19 23:57:24,584 - DEBUG - 🔥 Logging initialized correctamente
2025-07-19 23:58:10,367 - DEBUG - 🔥 Logging initialized correctamente
2025-07-19 23:59:29,409 - DEBUG - 🔥 Logging initialized correctamente
2025-07-19 23:59:32,588 - INFO - Loaded data directly from CSV: /home/oa/projects/uni/data/PENSUM-Ingenieria-de-Datos-e-Inteligencia-Organizacional_updated.csv
2025-07-20 00:01:07,836 - DEBUG - 🔥 Logging initialized correctamente
2025-07-20 00:01:59,823 - DEBUG - 🔥 Logging initialized correctamente
2025-07-20 00:03:57,964 - DEBUG - 🔥 Logging initialized correctamente
2025-07-20 00:05:00,309 - DEBUG - 🔥 Logging initialized correctamente
2025-07-20 00:05:11,526 - INFO - Loaded data directly from CSV: /home/oa/projects/uni/data/PENSUM-Ingenieria-de-Datos-e-Inteligencia-Organizacional_updated.csv
2025-07-20 00:06:44,882 - INFO - Loaded data directly from CSV: /home/oa/projects/uni/data/PENSUM-Ingenieria-de-Datos-e-Inteligencia-Organizacional_updated.csv
2025-07-20 00:06:44,885 - INFO - Assigned grade 92.0 to subject: ORIENTACIÓN ACADÉMICA INSTITUCIONAL
2025-07-20 00:10:04,163 - DEBUG - 🔥 Logging initialized correctamente
2025-07-20 00:10:29,260 - DEBUG - 🔥 Logging initialized correctamente
2025-07-20 00:11:10,987 - INFO - Loaded data directly from CSV: /home/oa/projects/uni/data/PENSUM-Ingenieria-de-Datos-e-Inteligencia-Organizacional_updated.csv
2025-07-20 00:13:06,931 - DEBUG - 🔥 Logging initialized correctamente
2025-07-20 00:13:33,872 - DEBUG - 🔥 Logging initialized correctamente
2025-07-20 00:14:19,652 - DEBUG - 🔥 Logging initialized correctamente
2025-07-20 00:16:31,116 - DEBUG - 🔥 Logging initialized correctamente
2025-07-20 00:17:16,997 - DEBUG - 🔥 Logging initialized correctamente
2025-07-20 00:17:21,220 - INFO - Loaded data directly from CSV: /home/oa/projects/uni/data/PENSUM-Ingenieria-de-Datos-e-Inteligencia-Organizacional_updated.csv
2025-07-20 00:18:31,807 - DEBUG - 🔥 Logging initialized correctamente
2025-07-20 00:20:57,496 - DEBUG - 🔥 Logging initialized correctamente
2025-07-20 00:21:19,207 - DEBUG - 🔥 Logging initialized correctamente
2025-07-20 00:21:42,144 - DEBUG - 🔥 Logging initialized correctamente
2025-07-20 00:21:50,087 - INFO - Loaded data directly from CSV: /home/oa/projects/uni/data/PENSUM-Ingenieria-de-Datos-e-Inteligencia-Organizacional_updated.csv
2025-07-20 00:22:04,258 - INFO - Loaded data directly from CSV: /home/oa/projects/uni/data/PENSUM-Ingenieria-de-Datos-e-Inteligencia-Organizacional_updated.csv
2025-07-20 00:22:13,357 - DEBUG - 🔥 Logging initialized correctamente
2025-07-20 00:22:18,662 - INFO - Loaded data directly from CSV: /home/oa/projects/uni/data/PENSUM-Ingenieria-de-Datos-e-Inteligencia-Organizacional_updated.csv
2025-07-20 00:23:20,056 - DEBUG - 🔥 Logging initialized correctamente
2025-07-20 00:23:23,006 - INFO - Loaded data directly from CSV: /home/oa/projects/uni/data/PENSUM-Ingenieria-de-Datos-e-Inteligencia-Organizacional_updated.csv
2025-07-20 00:23:50,022 - DEBUG - 🔥 Logging initialized correctamente
2025-07-20 00:24:08,061 - DEBUG - 🔥 Logging initialized correctamente
2025-07-20 00:24:11,320 - INFO - Loaded data directly from CSV: /home/oa/projects/uni/data/PENSUM-Ingenieria-de-Datos-e-Inteligencia-Organizacional_updated.csv
2025-07-20 00:25:04,347 - DEBUG - 🔥 Logging initialized correctamente
2025-07-20 00:25:07,093 - INFO - Loaded data directly from CSV: /home/oa/projects/uni/data/PENSUM-Ingenieria-de-Datos-e-Inteligencia-Organizacional_updated.csv
2025-07-20 00:27:19,364 - DEBUG - 🔥 Logging initialized correctamente
2025-07-20 00:27:23,601 - INFO - Loaded data directly from CSV: /home/oa/projects/uni/data/PENSUM-Ingenieria-de-Datos-e-Inteligencia-Organizacional_updated.csv
2025-07-20 00:28:19,665 - INFO - Loaded data directly from CSV: /home/oa/projects/uni/data/PENSUM-Ingenieria-de-Datos-e-Inteligencia-Organizacional_updated.csv
2025-07-20 00:34:12,069 - DEBUG - 🔥 Logging initialized correctamente
2025-07-20 00:34:15,591 - INFO - Loaded data directly from CSV: /home/oa/projects/uni/data/PENSUM-Ingenieria-de-Datos-e-Inteligencia-Organizacional_updated.csv
2025-07-20 00:38:41,703 - INFO - Loaded data directly from CSV: /home/oa/projects/uni/data/PENSUM-Ingenieria-de-Datos-e-Inteligencia-Organizacional_updated.csv
2025-07-20 02:59:52,654 - DEBUG - 🔥 Logging initialized correctamente
2025-07-20 03:00:00,043 - INFO - Updated CSV not found. Loading from PDF: /home/oa/projects/uni/data/PENSUM-Ingenieria-de-Datos-e-Inteligencia-Organizacional.pdf
2025-07-20 03:00:30,614 - DEBUG - 🔥 Logging initialized correctamente
2025-07-20 03:00:35,600 - INFO - Loaded data directly from CSV: /home/oa/projects/uni/data/PENSUM-Ingenieria-de-Datos-e-Inteligencia-Organizacional_updated.csv
2025-07-20 03:03:11,515 - DEBUG - 🔥 Logging initialized correctamente
2025-07-20 03:03:27,655 - DEBUG - 🔥 Logging initialized correctamente
2025-07-20 03:04:14,683 - DEBUG - 🔥 Logging initialized correctamente
2025-07-20 03:04:23,932 - INFO - Loaded data directly from CSV: /home/oa/projects/uni/data/PENSUM-Ingenieria-de-Datos-e-Inteligencia-Organizacional_updated.csv
2025-07-20 03:05:43,808 - DEBUG - 🔥 Logging initialized correctamente
2025-07-20 03:06:35,633 - DEBUG - 🔥 Logging initialized correctamente
2025-07-20 03:06:49,896 - DEBUG - 🔥 Logging initialized correctamente
2025-07-20 03:07:07,858 - DEBUG - 🔥 Logging initialized correctamente
2025-07-20 03:07:33,783 - DEBUG - 🔥 Logging initialized correctamente
2025-07-20 03:07:57,270 - DEBUG - 🔥 Logging initialized correctamente
2025-07-20 03:08:24,180 - DEBUG - 🔥 Logging initialized correctamente
2025-07-20 03:09:30,592 - DEBUG - 🔥 Logging initialized correctamente
2025-07-20 03:09:51,421 - INFO - Loaded data directly from CSV: /home/oa/projects/uni/data/PENSUM-Ingenieria-de-Datos-e-Inteligencia-Organizacional_updated.csv
2025-07-20 03:11:57,966 - DEBUG - 🔥 Logging initialized correctamente
2025-07-20 03:12:02,218 - INFO - Loaded data directly from CSV: /home/oa/projects/uni/data/PENSUM-Ingenieria-de-Datos-e-Inteligencia-Organizacional_updated.csv
2025-07-20 03:13:31,946 - DEBUG - 🔥 Logging initialized correctamente
2025-07-20 03:15:34,907 - DEBUG - 🔥 Logging initialized correctamente
2025-07-20 03:17:43,563 - DEBUG - 🔥 Logging initialized correctamente
2025-07-20 03:17:57,101 - DEBUG - 🔥 Logging initialized correctamente
2025-07-20 03:18:36,204 - DEBUG - 🔥 Logging initialized correctamente
2025-07-20 03:20:11,693 - DEBUG - 🔥 Logging initialized correctamente
2025-07-20 03:20:36,159 - DEBUG - 🔥 Logging initialized correctamente
2025-07-20 03:21:10,402 - DEBUG - 🔥 Logging initialized correctamente
2025-07-20 03:21:56,115 - DEBUG - 🔥 Logging initialized correctamente
2025-07-20 03:23:11,505 - DEBUG - 🔥 Logging initialized correctamente
2025-07-20 03:24:45,936 - DEBUG - 🔥 Logging initialized correctamente
2025-07-20 03:25:01,194 - DEBUG - 🔥 Logging initialized correctamente
2025-07-20 03:25:32,377 - DEBUG - 🔥 Logging initialized correctamente
2025-07-20 03:26:13,317 - DEBUG - 🔥 Logging initialized correctamente
2025-07-20 03:26:29,071 - DEBUG - 🔥 Logging initialized correctamente
2025-07-20 03:26:43,809 - DEBUG - 🔥 Logging initialized correctamente
2025-07-20 03:27:56,312 - DEBUG - 🔥 Logging initialized correctamente
2025-07-20 03:28:56,105 - DEBUG - 🔥 Logging initialized correctamente
2025-07-20 03:30:50,217 - DEBUG - 🔥 Logging initialized correctamente
2025-07-20 03:31:53,740 - DEBUG - 🔥 Logging initialized correctamente
2025-07-20 03:33:20,830 - DEBUG - 🔥 Logging initialized correctamente
2025-07-20 03:34:05,263 - DEBUG - 🔥 Logging initialized correctamente
2025-07-20 03:34:33,163 - DEBUG - 🔥 Logging initialized correctamente
2025-07-20 03:35:01,861 - DEBUG - 🔥 Logging initialized correctamente
2025-07-20 03:35:39,504 - DEBUG - 🔥 Logging initialized correctamente
2025-07-20 03:37:12,919 - DEBUG - 🔥 Logging initialized correctamente
2025-07-20 03:39:37,861 - DEBUG - 🔥 Logging initialized correctamente
2025-07-20 03:40:02,991 - DEBUG - 🔥 Logging initialized correctamente
2025-07-20 03:40:39,131 - DEBUG - 🔥 Logging initialized correctamente
2025-07-20 03:41:00,454 - DEBUG - 🔥 Logging initialized correctamente
2025-07-20 03:41:19,837 - DEBUG - 🔥 Logging initialized correctamente
2025-07-20 03:42:32,752 - DEBUG - 🔥 Logging initialized correctamente
2025-07-20 03:43:05,329 - DEBUG - 🔥 Logging initialized correctamente
2025-07-20 03:43:25,359 - DEBUG - 🔥 Logging initialized correctamente
2025-07-20 03:43:40,901 - DEBUG - 🔥 Logging initialized correctamente
2025-07-20 03:44:00,698 - INFO - Loaded data directly from CSV: /home/oa/projects/uni/data/PENSUM-Ingenieria-de-Datos-e-Inteligencia-Organizacional_updated.csv
2025-07-20 03:44:25,184 - DEBUG - 🔥 Logging initialized correctamente
2025-07-20 03:44:38,303 - DEBUG - 🔥 Logging initialized correctamente
2025-07-20 03:45:11,982 - DEBUG - 🔥 Logging initialized correctamente
2025-07-20 03:45:53,906 - DEBUG - 🔥 Logging initialized correctamente
2025-07-20 03:46:13,040 - DEBUG - 🔥 Logging initialized correctamente
2025-07-20 03:46:34,224 - DEBUG - 🔥 Logging initialized correctamente
2025-07-20 03:46:37,066 - INFO - Loaded data directly from CSV: /home/oa/projects/uni/data/PENSUM-Ingenieria-de-Datos-e-Inteligencia-Organizacional_updated.csv
2025-07-20 03:47:36,858 - DEBUG - 🔥 Logging initialized correctamente
2025-07-20 03:48:16,232 - DEBUG - 🔥 Logging initialized correctamente
2025-07-20 03:48:44,923 - DEBUG - 🔥 Logging initialized correctamente
2025-07-20 03:49:54,470 - INFO - Loaded data directly from CSV: /home/oa/projects/uni/data/PENSUM-Ingenieria-de-Datos-e-Inteligencia-Organizacional_updated.csv
2025-07-20 03:50:40,652 - DEBUG - 🔥 Logging initialized correctamente
2025-07-20 03:50:43,237 - INFO - Loaded data directly from CSV: /home/oa/projects/uni/data/PENSUM-Ingenieria-de-Datos-e-Inteligencia-Organizacional_updated.csv
2025-07-20 03:56:41,895 - DEBUG - 🔥 Logging initialized correctamente
2025-07-20 03:56:45,267 - INFO - Loaded data directly from CSV: /home/oa/projects/uni/data/PENSUM-Ingenieria-de-Datos-e-Inteligencia-Organizacional_updated.csv
2025-07-20 03:59:45,475 - DEBUG - 🔥 Logging initialized correctamente
2025-07-20 03:59:48,820 - INFO - Loaded data directly from CSV: /home/oa/projects/uni/data/PENSUM-Ingenieria-de-Datos-e-Inteligencia-Organizacional_updated.csv
2025-07-20 04:00:57,122 - DEBUG - 🔥 Logging initialized correctamente
2025-07-20 04:00:59,845 - INFO - Loaded data directly from CSV: /home/oa/projects/uni/data/PENSUM-Ingenieria-de-Datos-e-Inteligencia-Organizacional_updated.csv
2025-07-20 04:07:17,585 - DEBUG - 🔥 Logging initialized correctamente
2025-07-20 04:07:20,260 - INFO - Loaded data directly from CSV: /home/oa/projects/uni/data/PENSUM-Ingenieria-de-Datos-e-Inteligencia-Organizacional_updated.csv
2025-07-20 04:08:28,753 - DEBUG - 🔥 Logging initialized correctamente
2025-07-20 04:08:31,001 - INFO - Loaded data directly from CSV: /home/oa/projects/uni/data/PENSUM-Ingenieria-de-Datos-e-Inteligencia-Organizacional_updated.csv
2025-07-20 04:13:18,773 - DEBUG - 🔥 Logging initialized correctamente
2025-07-20 04:13:21,446 - INFO - Loaded data directly from CSV: /home/oa/projects/uni/data/PENSUM-Ingenieria-de-Datos-e-Inteligencia-Organizacional_updated.csv
2025-07-20 04:15:24,174 - DEBUG - 🔥 Logging initialized correctamente
2025-07-20 04:15:28,398 - INFO - Loaded data directly from CSV: /home/oa/projects/uni/data/PENSUM-Ingenieria-de-Datos-e-Inteligencia-Organizacional_updated.csv
2025-07-20 04:17:32,240 - DEBUG - 🔥 Logging initialized correctamente
2025-07-20 04:17:34,378 - INFO - Loaded data directly from CSV: /home/oa/projects/uni/data/PENSUM-Ingenieria-de-Datos-e-Inteligencia-Organizacional_updated.csv
2025-07-20 04:20:33,686 - DEBUG - 🔥 Logging initialized correctamente
2025-07-20 04:20:35,545 - INFO - Loaded data directly from CSV: /home/oa/projects/uni/data/PENSUM-Ingenieria-de-Datos-e-Inteligencia-Organizacional_updated.csv
2025-07-20 04:21:33,471 - DEBUG - 🔥 Logging initialized correctamente
2025-07-20 04:21:35,319 - INFO - Loaded data directly from CSV: /home/oa/projects/uni/data/PENSUM-Ingenieria-de-Datos-e-Inteligencia-Organizacional_updated.csv
2025-07-20 04:22:02,516 - DEBUG - 🔥 Logging initialized correctamente
2025-07-20 04:22:04,821 - INFO - Loaded data directly from CSV: /home/oa/projects/uni/data/PENSUM-Ingenieria-de-Datos-e-Inteligencia-Organizacional_updated.csv
2025-07-20 04:22:17,126 - DEBUG - 🔥 Logging initialized correctamente
2025-07-20 04:22:19,833 - INFO - Loaded data directly from CSV: /home/oa/projects/uni/data/PENSUM-Ingenieria-de-Datos-e-Inteligencia-Organizacional_updated.csv
2025-07-20 04:25:21,499 - DEBUG - 🔥 Logging initialized correctamente
2025-07-20 04:25:23,375 - INFO - Loaded data directly from CSV: /home/oa/projects/uni/data/PENSUM-Ingenieria-de-Datos-e-Inteligencia-Organizacional_updated.csv
2025-07-20 04:26:43,469 - DEBUG - 🔥 Logging initialized correctamente
2025-07-20 04:26:45,964 - INFO - Loaded data directly from CSV: /home/oa/projects/uni/data/PENSUM-Ingenieria-de-Datos-e-Inteligencia-Organizacional_updated.csv
2025-07-20 04:27:17,654 - DEBUG - 🔥 Logging initialized correctamente
2025-07-20 04:27:20,759 - INFO - Loaded data directly from CSV: /home/oa/projects/uni/data/PENSUM-Ingenieria-de-Datos-e-Inteligencia-Organizacional_updated.csv
2025-07-20 04:43:54,211 - DEBUG - 🔥 Logging initialized correctamente
2025-07-20 04:43:56,164 - INFO - Loaded data directly from CSV: /home/oa/projects/uni/data/PENSUM-Ingenieria-de-Datos-e-Inteligencia-Organizacional_updated.csv
2025-07-20 04:45:08,453 - DEBUG - 🔥 Logging initialized correctamente
2025-07-20 04:45:10,916 - INFO - Loaded data directly from CSV: /home/oa/projects/uni/data/PENSUM-Ingenieria-de-Datos-e-Inteligencia-Organizacional_updated.csv
2025-07-20 04:46:17,863 - DEBUG - 🔥 Logging initialized correctamente
2025-07-20 04:46:21,235 - INFO - Loaded data directly from CSV: /home/oa/projects/uni/data/PENSUM-Ingenieria-de-Datos-e-Inteligencia-Organizacional_updated.csv
2025-07-20 04:47:01,711 - DEBUG - 🔥 Logging initialized correctamente
2025-07-20 04:47:03,635 - INFO - Loaded data directly from CSV: /home/oa/projects/uni/data/PENSUM-Ingenieria-de-Datos-e-Inteligencia-Organizacional_updated.csv
2025-07-20 04:47:27,761 - DEBUG - 🔥 Logging initialized correctamente
2025-07-20 04:47:31,784 - INFO - Loaded data directly from CSV: /home/oa/projects/uni/data/PENSUM-Ingenieria-de-Datos-e-Inteligencia-Organizacional_updated.csv
2025-07-20 04:49:54,805 - DEBUG - 🔥 Logging initialized correctamente
2025-07-20 04:50:23,105 - DEBUG - 🔥 Logging initialized correctamente
2025-07-20 04:50:25,327 - INFO - Loaded data directly from CSV: /home/oa/projects/uni/data/PENSUM-Ingenieria-de-Datos-e-Inteligencia-Organizacional_updated.csv
2025-07-20 04:50:54,533 - DEBUG - 🔥 Logging initialized correctamente
2025-07-20 04:50:57,015 - INFO - Loaded data directly from CSV: /home/oa/projects/uni/data/PENSUM-Ingenieria-de-Datos-e-Inteligencia-Organizacional_updated.csv
2025-07-20 04:52:55,132 - DEBUG - 🔥 Logging initialized correctamente
2025-07-20 04:52:58,197 - INFO - Loaded data directly from CSV: /home/oa/projects/uni/data/PENSUM-Ingenieria-de-Datos-e-Inteligencia-Organizacional_updated.csv
2025-07-20 05:01:26,641 - DEBUG - 🔥 Logging initialized correctamente
2025-07-20 05:01:28,997 - INFO - Loaded data directly from CSV: /home/oa/projects/uni/data/PENSUM-Ingenieria-de-Datos-e-Inteligencia-Organizacional_updated.csv
2025-07-20 05:03:11,230 - DEBUG - 🔥 Logging initialized correctamente
2025-07-20 05:03:13,438 - INFO - Loaded data directly from CSV: /home/oa/projects/uni/data/PENSUM-Ingenieria-de-Datos-e-Inteligencia-Organizacional_updated.csv
2025-07-20 05:04:36,405 - DEBUG - 🔥 Logging initialized correctamente
2025-07-20 05:05:03,717 - DEBUG - 🔥 Logging initialized correctamente
2025-07-20 05:05:05,511 - INFO - Loaded data directly from CSV: /home/oa/projects/uni/data/PENSUM-Ingenieria-de-Datos-e-Inteligencia-Organizacional_updated.csv
2025-07-20 05:06:57,017 - DEBUG - 🔥 Logging initialized correctamente
2025-07-20 05:07:06,714 - DEBUG - 🔥 Logging initialized correctamente
2025-07-20 05:07:22,732 - DEBUG - 🔥 Logging initialized correctamente
2025-07-20 05:07:24,624 - INFO - Loaded data directly from CSV: /home/oa/projects/uni/data/PENSUM-Ingenieria-de-Datos-e-Inteligencia-Organizacional_updated.csv
2025-07-20 05:13:01,517 - DEBUG - 🔥 Logging initialized correctamente
2025-07-20 05:13:04,738 - INFO - Loaded data directly from CSV: /home/oa/projects/uni/data/PENSUM-Ingenieria-de-Datos-e-Inteligencia-Organizacional_updated.csv
2025-07-20 05:13:33,390 - DEBUG - 🔥 Logging initialized correctamente
2025-07-20 05:13:35,446 - INFO - Loaded data directly from CSV: /home/oa/projects/uni/data/PENSUM-Ingenieria-de-Datos-e-Inteligencia-Organizacional_updated.csv
2025-07-20 05:14:26,174 - DEBUG - 🔥 Logging initialized correctamente
2025-07-20 05:14:28,134 - INFO - Loaded data directly from CSV: /home/oa/projects/uni/data/PENSUM-Ingenieria-de-Datos-e-Inteligencia-Organizacional_updated.csv
2025-07-20 05:17:45,307 - DEBUG - 🔥 Logging initialized correctamente
2025-07-20 05:17:47,774 - INFO - Loaded data directly from CSV: /home/oa/projects/uni/data/PENSUM-Ingenieria-de-Datos-e-Inteligencia-Organizacional_updated.csv
2025-07-20 05:25:51,923 - DEBUG - 🔥 Logging initialized correctamente
2025-07-20 05:26:33,721 - INFO - Loaded data directly from CSV: /home/oa/projects/uni/data/PENSUM-Ingenieria-de-Datos-e-Inteligencia-Organizacional_updated.csv
2025-07-20 05:30:57,554 - DEBUG - 🔥 Logging initialized correctamente
2025-07-20 05:31:10,103 - INFO - Loaded data directly from CSV: /home/oa/projects/uni/data/PENSUM-Ingenieria-de-Datos-e-Inteligencia-Organizacional_updated.csv
2025-07-20 05:31:29,282 - DEBUG - 🔥 Logging initialized correctamente
2025-07-20 05:31:41,324 - INFO - Loaded data directly from CSV: /home/oa/projects/uni/data/PENSUM-Ingenieria-de-Datos-e-Inteligencia-Organizacional_updated.csv
2025-07-20 05:36:40,989 - DEBUG - 🔥 Logging initialized correctamente
2025-07-20 05:36:46,723 - INFO - Target date set to: 2025-03-02 00:00:00
2025-07-20 05:36:53,289 - INFO - Loaded data directly from CSV: /home/oa/projects/uni/data/PENSUM-Ingenieria-de-Datos-e-Inteligencia-Organizacional_updated.csv
2025-07-20 05:37:31,862 - DEBUG - 🔥 Logging initialized correctamente
2025-07-20 05:37:36,426 - INFO - Loaded data directly from CSV: /home/oa/projects/uni/data/PENSUM-Ingenieria-de-Datos-e-Inteligencia-Organizacional_updated.csv
2025-07-20 05:38:25,783 - DEBUG - 🔥 Logging initialized correctamente
2025-07-20 05:38:28,410 - INFO - Loaded data directly from CSV: /home/oa/projects/uni/data/PENSUM-Ingenieria-de-Datos-e-Inteligencia-Organizacional_updated.csv
2025-07-20 05:41:07,495 - DEBUG - 🔥 Logging initialized correctamente
2025-07-20 05:41:11,037 - INFO - Loaded data directly from CSV: /home/oa/projects/uni/data/PENSUM-Ingenieria-de-Datos-e-Inteligencia-Organizacional_updated.csv
2025-07-20 05:41:26,214 - DEBUG - 🔥 Logging initialized correctamente
2025-07-20 05:41:31,415 - INFO - Target date set to: 1995-02-05 00:00:00
2025-07-20 05:41:36,892 - INFO - Loaded data directly from CSV: /home/oa/projects/uni/data/PENSUM-Ingenieria-de-Datos-e-Inteligencia-Organizacional_updated.csv
2025-07-20 05:42:03,527 - DEBUG - 🔥 Logging initialized correctamente
2025-07-20 05:42:05,337 - INFO - No date entered, using default 1995-03-04
2025-07-20 05:42:13,725 - INFO - Loaded data directly from CSV: /home/oa/projects/uni/data/PENSUM-Ingenieria-de-Datos-e-Inteligencia-Organizacional_updated.csv
2025-07-20 05:43:57,053 - DEBUG - 🔥 Logging initialized correctamente
2025-07-20 05:44:01,567 - INFO - Loaded data directly from CSV: /home/oa/projects/uni/data/PENSUM-Ingenieria-de-Datos-e-Inteligencia-Organizacional_updated.csv
2025-07-20 05:49:40,451 - DEBUG - 🔥 Logging initialized correctamente
2025-07-20 05:49:41,924 - INFO - No date entered, using default 1995-03-04
2025-07-20 05:49:43,233 - INFO - Loaded data directly from CSV: /home/oa/projects/uni/data/PENSUM-Ingenieria-de-Datos-e-Inteligencia-Organizacional_updated.csv
2025-07-20 05:54:58,121 - DEBUG - 🔥 Logging initialized correctamente
2025-07-21 16:49:59,504 - DEBUG - 🔥 Logging initialized correctamente
2025-07-21 16:50:10,411 - INFO - Target date set to: 1995-03-20 00:00:00
2025-07-21 16:50:22,013 - INFO - Loaded data directly from CSV: /home/oa/projects/uni/data/PENSUM-Ingenieria-de-Datos-e-Inteligencia-Organizacional_updated.csv
2025-07-21 16:51:57,666 - INFO - Loaded data directly from CSV: /home/oa/projects/uni/data/PENSUM-Ingenieria-de-Datos-e-Inteligencia-Organizacional_updated.csv
2025-07-21 16:54:24,515 - DEBUG - 🔥 Logging initialized correctamente
2025-07-21 16:54:27,060 - INFO - No date entered, using default 1995-03-04
2025-07-21 16:54:29,051 - INFO - Loaded data directly from CSV: /home/oa/projects/uni/data/PENSUM-Ingenieria-de-Datos-e-Inteligencia-Organizacional_updated.csv
2025-07-21 16:55:34,868 - DEBUG - 🔥 Logging initialized correctamente
2025-07-21 16:55:36,466 - INFO - No date entered, using default 1995-03-04
2025-07-21 16:55:37,726 - INFO - Loaded data directly from CSV: /home/oa/projects/uni/data/PENSUM-Ingenieria-de-Datos-e-Inteligencia-Organizacional_updated.csv
2025-07-21 16:59:05,515 - DEBUG - 🔥 Logging initialized correctamente
2025-07-21 16:59:17,328 - INFO - No date entered, using default 1995-03-04
2025-07-21 16:59:21,268 - INFO - Loaded data directly from CSV: /home/oa/projects/uni/data/PENSUM-Ingenieria-de-Datos-e-Inteligencia-Organizacional_updated.csv
2025-07-21 17:03:33,882 - INFO - Loaded data directly from CSV: /home/oa/projects/uni/data/PENSUM-Ingenieria-de-Datos-e-Inteligencia-Organizacional_updated.csv
2025-07-21 17:34:11,922 - DEBUG - 🔥 Logging initialized correctamente
2025-07-21 17:34:13,531 - INFO - No date entered, using default 1995-03-04
2025-07-21 17:34:15,126 - INFO - Loaded data directly from CSV: /home/oa/projects/uni/data/PENSUM-Ingenieria-de-Datos-e-Inteligencia-Organizacional_updated.csv
2025-07-21 17:34:45,428 - DEBUG - 🔥 Logging initialized correctamente
2025-07-21 17:34:47,975 - INFO - No date entered, using default 1995-03-04
2025-07-21 17:34:49,615 - INFO - Loaded data directly from CSV: /home/oa/projects/uni/data/PENSUM-Ingenieria-de-Datos-e-Inteligencia-Organizacional_updated.csv
2025-07-21 17:35:03,302 - DEBUG - 🔥 Logging initialized correctamente
2025-07-21 17:35:04,966 - INFO - No date entered, using default 1995-03-04
2025-07-21 17:35:06,447 - INFO - Loaded data directly from CSV: /home/oa/projects/uni/data/PENSUM-Ingenieria-de-Datos-e-Inteligencia-Organizacional_updated.csv
2025-07-21 17:39:09,592 - DEBUG - 🔥 Logging initialized correctamente
2025-07-21 17:39:11,149 - INFO - No date entered, using default 1995-03-04
2025-07-21 17:43:00,115 - INFO - Loaded data directly from CSV: /home/oa/projects/uni/data/PENSUM-Ingenieria-de-Datos-e-Inteligencia-Organizacional_updated.csv
2025-07-21 17:44:25,148 - DEBUG - 🔥 Logging initialized correctamente
2025-07-21 17:46:15,722 - INFO - Loaded data directly from CSV: /home/oa/projects/uni/data/PENSUM-Ingenieria-de-Datos-e-Inteligencia-Organizacional_updated.csv
2025-07-21 17:58:14,661 - DEBUG - 🔥 Logging initialized correctamente
2025-07-21 17:58:17,310 - INFO - No date entered, using default 1995-03-04
2025-07-21 17:58:20,557 - INFO - Loaded data directly from CSV: /home/oa/projects/uni/data/PENSUM-Ingenieria-de-Datos-e-Inteligencia-Organizacional_updated.csv
2025-07-21 17:59:30,463 - DEBUG - 🔥 Logging initialized correctamente
2025-07-21 17:59:31,465 - INFO - No date entered, using default 1995-03-04
2025-07-21 17:59:32,412 - INFO - Loaded data directly from CSV: /home/oa/projects/uni/data/PENSUM-Ingenieria-de-Datos-e-Inteligencia-Organizacional_updated.csv
2025-07-22 03:10:46,357 - DEBUG - 🔥 Logging initialized correctamente
2025-07-22 03:10:47,807 - INFO - No date entered, using default 1995-03-04
2025-07-22 03:10:49,471 - INFO - Loaded data directly from CSV: /home/oa/projects/uni/data/PENSUM-Ingenieria-de-Datos-e-Inteligencia-Organizacional_updated.csv
2025-07-22 03:13:06,339 - DEBUG - 🔥 Logging initialized correctamente
2025-07-22 03:13:07,658 - INFO - No date entered, using default 1995-03-04
2025-07-22 03:13:08,962 - INFO - Loaded data directly from CSV: /home/oa/projects/uni/data/PENSUM-Ingenieria-de-Datos-e-Inteligencia-Organizacional_updated.csv
2025-07-22 03:16:45,983 - DEBUG - 🔥 Logging initialized correctamente
2025-07-22 03:16:47,058 - INFO - No date entered, using default 1995-03-04
2025-07-22 03:16:48,410 - INFO - Loaded data directly from CSV: /home/oa/projects/uni/data/PENSUM-Ingenieria-de-Datos-e-Inteligencia-Organizacional_updated.csv
2025-07-22 03:18:35,764 - DEBUG - 🔥 Logging initialized correctamente
2025-07-22 03:18:36,942 - INFO - No date entered, using default 1995-03-04
2025-07-22 03:18:37,918 - INFO - Loaded data directly from CSV: /home/oa/projects/uni/data/PENSUM-Ingenieria-de-Datos-e-Inteligencia-Organizacional_updated.csv
2025-07-22 03:19:04,566 - DEBUG - 🔥 Logging initialized correctamente
2025-07-22 03:19:05,939 - INFO - No date entered, using default 1995-03-04
2025-07-22 03:19:07,007 - INFO - Loaded data directly from CSV: /home/oa/projects/uni/data/PENSUM-Ingenieria-de-Datos-e-Inteligencia-Organizacional_updated.csv
2025-07-22 03:20:29,624 - DEBUG - 🔥 Logging initialized correctamente
2025-07-22 03:20:31,068 - INFO - No date entered, using default 1995-03-04
2025-07-22 03:20:32,050 - INFO - Loaded data directly from CSV: /home/oa/projects/uni/data/PENSUM-Ingenieria-de-Datos-e-Inteligencia-Organizacional_updated.csv
2025-07-22 03:21:17,607 - DEBUG - 🔥 Logging initialized correctamente
2025-07-22 03:21:18,936 - INFO - No date entered, using default 1995-03-04
2025-07-22 03:21:20,036 - INFO - Loaded data directly from CSV: /home/oa/projects/uni/data/PENSUM-Ingenieria-de-Datos-e-Inteligencia-Organizacional_updated.csv
2025-07-22 03:22:47,262 - DEBUG - 🔥 Logging initialized correctamente
2025-07-22 03:22:48,902 - INFO - No date entered, using default 1995-03-04
2025-07-22 03:22:50,530 - INFO - Loaded data directly from CSV: /home/oa/projects/uni/data/PENSUM-Ingenieria-de-Datos-e-Inteligencia-Organizacional_updated.csv
2025-07-22 03:23:19,234 - DEBUG - 🔥 Logging initialized correctamente
2025-07-22 03:23:20,126 - INFO - No date entered, using default 1995-03-04
2025-07-22 03:23:21,096 - INFO - Loaded data directly from CSV: /home/oa/projects/uni/data/PENSUM-Ingenieria-de-Datos-e-Inteligencia-Organizacional_updated.csv
2025-07-22 03:24:20,576 - DEBUG - 🔥 Logging initialized correctamente
2025-07-22 03:24:21,682 - INFO - No date entered, using default 1995-03-04
2025-07-22 03:24:22,841 - INFO - Loaded data directly from CSV: /home/oa/projects/uni/data/PENSUM-Ingenieria-de-Datos-e-Inteligencia-Organizacional_updated.csv
2025-07-22 03:52:19,949 - DEBUG - 🔥 Logging initialized correctamente
2025-07-22 03:54:17,065 - INFO - No date entered, using default 1995-03-04
2025-07-22 03:54:18,978 - INFO - Loaded data directly from CSV: /home/oa/projects/uni/data/PENSUM-Ingenieria-de-Datos-e-Inteligencia-Organizacional_updated.csv
2025-07-22 04:17:46,335 - DEBUG - 🔥 Logging initialized correctamente
2025-07-22 04:17:47,819 - INFO - No date entered, using default 1995-03-04
2025-07-22 04:17:48,939 - INFO - Loaded data directly from CSV: /home/oa/projects/uni/data/PENSUM-Ingenieria-de-Datos-e-Inteligencia-Organizacional_updated.csv
2025-07-22 04:43:42,382 - DEBUG - 🔥 Logging initialized correctamente
2025-07-22 04:44:17,840 - DEBUG - 🔥 Logging initialized correctamente
2025-07-22 04:44:19,275 - INFO - No date entered, using default 1995-03-04
2025-07-22 04:44:20,763 - INFO - Loaded data directly from CSV: /home/oa/projects/uni/data/PENSUM-Ingenieria-de-Datos-e-Inteligencia-Organizacional_updated.csv
2025-07-22 04:49:50,342 - DEBUG - 🔥 Logging initialized correctamente
2025-07-22 04:49:51,487 - INFO - No date entered, using default 1995-03-04
2025-07-22 04:49:52,689 - INFO - Loaded data directly from CSV: /home/oa/projects/uni/data/PENSUM-Ingenieria-de-Datos-e-Inteligencia-Organizacional_updated.csv
2025-07-22 04:54:03,977 - DEBUG - 🔥 Logging initialized correctamente
2025-07-22 04:54:05,812 - INFO - No date entered, using default 1995-03-04
2025-07-22 04:54:06,796 - INFO - Loaded data directly from CSV: /home/oa/projects/uni/data/PENSUM-Ingenieria-de-Datos-e-Inteligencia-Organizacional_updated.csv
2025-07-22 05:07:46,896 - DEBUG - 🔥 Logging initialized correctamente
2025-07-22 05:07:48,733 - INFO - No date entered, using default 1995-03-04
2025-07-22 05:07:50,245 - INFO - Loaded data directly from CSV: /home/oa/projects/uni/data/PENSUM-Ingenieria-de-Datos-e-Inteligencia-Organizacional_updated.csv
2025-07-22 05:16:31,476 - DEBUG - 🔥 Logging initialized correctamente
2025-07-22 05:16:33,092 - INFO - No date entered, using default 1995-03-04
2025-07-22 05:16:34,763 - INFO - Loaded data directly from CSV: /home/oa/projects/uni/data/PENSUM-Ingenieria-de-Datos-e-Inteligencia-Organizacional_updated.csv
2025-07-22 05:33:56,105 - DEBUG - 🔥 Logging initialized correctamente
2025-07-22 05:33:57,595 - INFO - No date entered, using default 1995-03-04
2025-07-22 05:33:58,708 - INFO - Loaded data directly from CSV: /home/oa/projects/uni/data/PENSUM-Ingenieria-de-Datos-e-Inteligencia-Organizacional_updated.csv
2025-07-22 05:33:58,713 - INFO - Average grade calculated: 📊 Avg Grade: 92.33 🟢
2025-07-22 05:33:58,713 - INFO - Summary box setup completed.
2025-07-22 05:43:16,889 - DEBUG - 🔥 Logging initialized correctamente
2025-07-22 05:43:17,888 - INFO - No date entered, using default 1995-03-04
2025-07-22 05:43:19,563 - INFO - Loaded data directly from CSV: /home/oa/projects/uni/data/PENSUM-Ingenieria-de-Datos-e-Inteligencia-Organizacional_updated.csv
2025-07-22 05:43:19,564 - INFO - Average grade calculated: 📊 Avg Grade: 92.33 🟢
2025-07-22 05:43:19,564 - INFO - Summary box setup completed.
2025-07-22 05:44:55,034 - DEBUG - 🔥 Logging initialized correctamente
2025-07-22 05:44:56,213 - INFO - No date entered, using default 1995-03-04
2025-07-22 05:44:57,187 - INFO - Loaded data directly from CSV: /home/oa/projects/uni/data/PENSUM-Ingenieria-de-Datos-e-Inteligencia-Organizacional_updated.csv
2025-07-22 05:44:57,192 - INFO - Average grade calculated: 📊 Avg Grade: 92.33 🟢
2025-07-22 05:44:57,193 - INFO - Summary box setup completed.
2025-07-22 05:45:16,501 - INFO - Loaded data directly from CSV: /home/oa/projects/uni/data/PENSUM-Ingenieria-de-Datos-e-Inteligencia-Organizacional_updated.csv
2025-07-22 05:45:16,503 - WARNING - No match found for: METODO DEL TRAVAJO ACADEMICO
2025-07-22 05:45:16,507 - INFO - Average grade calculated: 📊 Avg Grade: 92.33 🟢
2025-07-22 05:45:16,507 - INFO - Summary box setup completed.
2025-07-22 05:45:44,737 - INFO - Loaded data directly from CSV: /home/oa/projects/uni/data/PENSUM-Ingenieria-de-Datos-e-Inteligencia-Organizacional_updated.csv
2025-07-22 05:45:44,741 - INFO - Average grade calculated: 📊 Avg Grade: 92.33 🟢
2025-07-22 05:45:44,742 - INFO - Summary box setup completed.
2025-07-22 05:46:51,830 - INFO - Loaded data directly from CSV: /home/oa/projects/uni/data/PENSUM-Ingenieria-de-Datos-e-Inteligencia-Organizacional_updated.csv
2025-07-22 05:46:51,831 - INFO - Assigned grade 97.0 to subject: MÉTODO DEL TRABAJO ACADÉMICO
2025-07-22 05:46:51,833 - INFO - Average grade calculated: 📊 Avg Grade: 93.50 🟢
2025-07-22 05:46:51,833 - INFO - Summary box setup completed.
2025-07-22 11:17:56,318 - DEBUG - 🔥 Logging initialized correctamente
2025-07-22 11:17:58,242 - INFO - No date entered, using default 1995-03-04
2025-07-22 11:17:59,392 - INFO - Loaded data directly from CSV: /home/oa/projects/uni/data/PENSUM-Ingenieria-de-Datos-e-Inteligencia-Organizacional_updated.csv
2025-07-22 11:17:59,398 - INFO - Average grade calculated: 📊 Avg Grade: 93.50 🟢
2025-07-22 11:17:59,399 - INFO - Summary box setup completed.
2025-07-22 11:18:15,050 - DEBUG - 🔥 Logging initialized correctamente
2025-07-22 11:18:17,191 - INFO - No date entered, using default 1995-03-04
2025-07-22 11:18:18,472 - INFO - Loaded data directly from CSV: /home/oa/projects/uni/data/PENSUM-Ingenieria-de-Datos-e-Inteligencia-Organizacional_updated.csv
2025-07-22 11:18:18,478 - INFO - Average grade calculated: 📊 Avg Grade: 93.50 🟢
2025-07-22 11:18:18,478 - INFO - Summary box setup completed.
2025-07-22 11:19:06,137 - DEBUG - 🔥 Logging initialized correctamente
2025-07-22 11:19:07,041 - INFO - No date entered, using default 1995-03-04
2025-07-22 11:19:07,959 - INFO - Loaded data directly from CSV: /home/oa/projects/uni/data/PENSUM-Ingenieria-de-Datos-e-Inteligencia-Organizacional_updated.csv
2025-07-22 11:19:07,964 - INFO - Average grade calculated: 📊 Avg Grade: 93.50 🟢
2025-07-22 11:19:07,965 - INFO - Summary box setup completed.
2025-07-22 11:22:17,065 - DEBUG - 🔥 Logging initialized correctamente
2025-07-22 11:22:17,986 - INFO - No date entered, using default 1995-03-04
2025-07-22 11:22:18,978 - INFO - Loaded data directly from CSV: /home/oa/projects/uni/data/PENSUM-Ingenieria-de-Datos-e-Inteligencia-Organizacional_updated.csv
2025-07-22 11:22:18,983 - INFO - Average grade calculated: 📊 Avg Grade: 93.50 🟢
2025-07-22 11:22:18,984 - INFO - Summary box setup completed.
2025-07-22 11:25:36,180 - DEBUG - 🔥 Logging initialized correctamente
2025-07-22 11:25:36,938 - INFO - No date entered, using default 1995-03-04
2025-07-22 11:25:37,852 - INFO - Loaded data directly from CSV: /home/oa/projects/uni/data/PENSUM-Ingenieria-de-Datos-e-Inteligencia-Organizacional_updated.csv
2025-07-22 11:25:37,857 - INFO - Average grade calculated: 📊 Avg Grade: 93.50 🟢
2025-07-22 11:25:37,858 - INFO - Summary box setup completed.
2025-07-22 11:27:29,226 - DEBUG - 🔥 Logging initialized correctamente
2025-07-22 11:27:30,856 - INFO - No date entered, using default 1995-03-04
2025-07-22 11:27:31,848 - INFO - Loaded data directly from CSV: /home/oa/projects/uni/data/PENSUM-Ingenieria-de-Datos-e-Inteligencia-Organizacional_updated.csv
2025-07-22 11:27:31,853 - INFO - Average grade calculated: 📊 Avg Grade: 93.50 🟢
2025-07-22 11:27:31,854 - INFO - Summary box setup completed.
2025-07-22 11:28:33,405 - DEBUG - 🔥 Logging initialized correctamente
2025-07-22 11:28:34,337 - INFO - No date entered, using default 1995-03-04
2025-07-22 11:28:35,238 - INFO - Loaded data directly from CSV: /home/oa/projects/uni/data/PENSUM-Ingenieria-de-Datos-e-Inteligencia-Organizacional_updated.csv
2025-07-22 11:28:35,243 - INFO - Average grade calculated: 📊 Avg Grade: 93.50 🟢
2025-07-22 11:28:35,244 - INFO - Summary box setup completed.
2025-07-22 11:29:45,046 - DEBUG - 🔥 Logging initialized correctamente
2025-07-22 11:29:46,200 - INFO - No date entered, using default 1995-03-04
2025-07-22 11:29:47,214 - INFO - Loaded data directly from CSV: /home/oa/projects/uni/data/PENSUM-Ingenieria-de-Datos-e-Inteligencia-Organizacional_updated.csv
2025-07-22 11:29:47,219 - INFO - Average grade calculated: 📊 Avg Grade: 93.50 🟢
2025-07-22 11:29:47,220 - INFO - Summary box setup completed.
2025-07-22 13:02:18,880 - DEBUG - 🔥 Logging initialized correctamente
2025-07-22 13:02:19,980 - INFO - No date entered, using default 1995-03-04
2025-07-22 13:02:21,604 - INFO - Loaded data directly from CSV: /home/oa/projects/uni/data/PENSUM-Ingenieria-de-Datos-e-Inteligencia-Organizacional_updated.csv
2025-07-22 13:02:21,605 - INFO - Average grade calculated: 📊 Avg Grade: 93.50 🟢
2025-07-22 13:02:21,605 - INFO - Summary box setup completed.
2025-07-22 13:02:21,612 - ERROR - Error generating grade bar: only length-1 arrays can be converted to Python scalars
2025-07-22 13:03:09,736 - DEBUG - 🔥 Logging initialized correctamente
2025-07-22 13:03:10,655 - INFO - No date entered, using default 1995-03-04
2025-07-22 13:03:11,624 - INFO - Loaded data directly from CSV: /home/oa/projects/uni/data/PENSUM-Ingenieria-de-Datos-e-Inteligencia-Organizacional_updated.csv
2025-07-22 13:03:11,629 - INFO - Average grade calculated: 📊 Avg Grade: 93.50 🟢
2025-07-22 13:03:11,630 - INFO - Summary box setup completed.
2025-07-22 13:03:11,662 - ERROR - Error generating grade bar: only length-1 arrays can be converted to Python scalars
2025-07-22 14:23:36,557 - DEBUG - 🔥 Logging initialized correctamente
2025-07-22 14:23:37,488 - INFO - No date entered, using default 1995-03-04
2025-07-22 14:23:38,540 - INFO - Loaded data directly from CSV: /home/oa/projects/uni/data/PENSUM-Ingenieria-de-Datos-e-Inteligencia-Organizacional_updated.csv
2025-07-22 14:23:38,545 - INFO - Average grade calculated: 📊 Avg Grade: 93.50 🟢
2025-07-22 14:23:38,546 - INFO - Summary box setup completed.
2025-07-22 14:23:38,570 - ERROR - Error generating grade bar: only length-1 arrays can be converted to Python scalars
2025-07-22 14:25:51,392 - DEBUG - 🔥 Logging initialized correctamente
2025-07-22 14:25:52,584 - INFO - No date entered, using default 1995-03-04
2025-07-22 14:25:53,608 - INFO - Loaded data directly from CSV: /home/oa/projects/uni/data/PENSUM-Ingenieria-de-Datos-e-Inteligencia-Organizacional_updated.csv
2025-07-22 14:25:53,613 - INFO - Average grade calculated: 📊 Avg Grade: 93.50 🟢
2025-07-22 14:25:53,614 - INFO - Summary box setup completed.
2025-07-22 14:27:20,740 - DEBUG - 🔥 Logging initialized correctamente
2025-07-22 14:27:21,689 - INFO - No date entered, using default 1995-03-04
2025-07-22 14:27:22,808 - INFO - Loaded data directly from CSV: /home/oa/projects/uni/data/PENSUM-Ingenieria-de-Datos-e-Inteligencia-Organizacional_updated.csv
2025-07-22 14:27:22,809 - INFO - Average grade calculated: 📊 Avg Grade: 93.50 🟢
2025-07-22 14:27:22,809 - INFO - Summary box setup completed.
2025-07-22 14:30:59,157 - DEBUG - 🔥 Logging initialized correctamente
2025-07-22 14:31:00,057 - INFO - No date entered, using default 1995-03-04
2025-07-22 14:31:01,012 - INFO - Loaded data directly from CSV: /home/oa/projects/uni/data/PENSUM-Ingenieria-de-Datos-e-Inteligencia-Organizacional_updated.csv
2025-07-22 14:31:01,017 - INFO - Average grade calculated: 📊 Avg Grade: 93.50 🟢
2025-07-22 14:31:01,017 - INFO - Summary box setup completed.
2025-07-22 14:34:00,850 - DEBUG - 🔥 Logging initialized correctamente
2025-07-22 14:34:02,511 - INFO - No date entered, using default 1995-03-04
2025-07-22 14:34:03,858 - INFO - Loaded data directly from CSV: /home/oa/projects/uni/data/PENSUM-Ingenieria-de-Datos-e-Inteligencia-Organizacional_updated.csv
2025-07-22 14:34:03,863 - INFO - Average grade calculated: 📊 Avg Grade: 93.50 🟢
2025-07-22 14:34:03,863 - INFO - Summary box setup completed.
2025-07-22 14:43:23,341 - DEBUG - 🔥 Logging initialized correctamente
2025-07-22 14:43:24,448 - INFO - No date entered, using default 1995-03-04
2025-07-22 14:43:25,416 - INFO - Loaded data directly from CSV: /home/oa/projects/uni/data/PENSUM-Ingenieria-de-Datos-e-Inteligencia-Organizacional_updated.csv
2025-07-22 14:43:25,421 - INFO - Average grade calculated: 📊 Avg Grade: 93.50 🟢
2025-07-22 14:43:25,421 - INFO - Summary box setup completed.
2025-07-22 14:47:41,340 - DEBUG - 🔥 Logging initialized correctamente
2025-07-22 14:47:42,853 - INFO - No date entered, using default 1995-03-04
2025-07-22 14:47:43,980 - INFO - Loaded data directly from CSV: /home/oa/projects/uni/data/PENSUM-Ingenieria-de-Datos-e-Inteligencia-Organizacional_updated.csv
2025-07-22 14:47:43,985 - INFO - Average grade calculated: 📊 Avg Grade: 93.50 🟢
2025-07-22 14:47:43,986 - INFO - Summary box setup completed.
2025-07-22 14:50:23,343 - DEBUG - 🔥 Logging initialized correctamente
2025-07-22 14:50:24,461 - INFO - No date entered, using default 1995-03-04
2025-07-22 14:50:25,449 - INFO - Loaded data directly from CSV: /home/oa/projects/uni/data/PENSUM-Ingenieria-de-Datos-e-Inteligencia-Organizacional_updated.csv
2025-07-22 14:50:25,455 - INFO - Average grade calculated: 📊 Avg Grade: 93.50 🟢
2025-07-22 14:50:25,456 - INFO - Summary box setup completed.
2025-07-22 14:51:22,120 - DEBUG - 🔥 Logging initialized correctamente
2025-07-22 14:51:24,662 - INFO - No date entered, using default 1995-03-04
2025-07-22 14:51:26,194 - INFO - Loaded data directly from CSV: /home/oa/projects/uni/data/PENSUM-Ingenieria-de-Datos-e-Inteligencia-Organizacional_updated.csv
2025-07-22 14:51:26,195 - INFO - Average grade calculated: 📊 Avg Grade: 93.50 🟢
2025-07-22 14:51:26,195 - INFO - Summary box setup completed.
2025-07-22 15:06:56,814 - DEBUG - 🔥 Logging initialized correctamente
2025-07-22 15:06:57,790 - INFO - No date entered, using default 1995-03-04
2025-07-22 15:06:59,046 - INFO - Loaded data directly from CSV: /home/oa/projects/uni/data/PENSUM-Ingenieria-de-Datos-e-Inteligencia-Organizacional_updated.csv
2025-07-22 15:06:59,051 - INFO - Average grade calculated: 📊 Avg Grade: 93.50 🟢
2025-07-22 15:06:59,052 - INFO - Summary box setup completed.
2025-07-22 15:07:34,012 - DEBUG - 🔥 Logging initialized correctamente
2025-07-22 15:07:35,678 - INFO - No date entered, using default 1995-03-04
2025-07-22 15:07:36,808 - INFO - Loaded data directly from CSV: /home/oa/projects/uni/data/PENSUM-Ingenieria-de-Datos-e-Inteligencia-Organizacional_updated.csv
2025-07-22 15:07:36,814 - INFO - Average grade calculated: 📊 Avg Grade: 93.50 🟢
2025-07-22 15:07:36,814 - INFO - Summary box setup completed.
2025-07-22 15:09:37,311 - DEBUG - 🔥 Logging initialized correctamente
2025-07-22 15:09:38,606 - INFO - No date entered, using default 1995-03-04
2025-07-22 15:09:40,257 - INFO - Loaded data directly from CSV: /home/oa/projects/uni/data/PENSUM-Ingenieria-de-Datos-e-Inteligencia-Organizacional_updated.csv
2025-07-22 15:09:40,258 - INFO - Average grade calculated: 📊 Avg Grade: 93.50 🟢
2025-07-22 15:09:40,258 - INFO - Summary box setup completed.
2025-07-22 15:14:38,040 - DEBUG - 🔥 Logging initialized correctamente
2025-07-22 15:14:39,033 - INFO - No date entered, using default 1995-03-04
2025-07-22 15:14:40,307 - INFO - Loaded data directly from CSV: /home/oa/projects/uni/data/PENSUM-Ingenieria-de-Datos-e-Inteligencia-Organizacional_updated.csv
2025-07-22 15:14:40,315 - INFO - Average grade calculated: 📊 Avg Grade: 93.50 🟢
2025-07-22 15:14:40,316 - INFO - Summary box setup completed.
2025-07-22 15:15:12,842 - DEBUG - 🔥 Logging initialized correctamente
2025-07-22 15:15:14,080 - INFO - No date entered, using default 1995-03-04
2025-07-22 15:15:15,092 - INFO - Loaded data directly from CSV: /home/oa/projects/uni/data/PENSUM-Ingenieria-de-Datos-e-Inteligencia-Organizacional_updated.csv
2025-07-22 15:15:15,097 - INFO - Average grade calculated: 📊 Avg Grade: 93.50 🟢
2025-07-22 15:15:15,098 - INFO - Summary box setup completed.
2025-07-22 15:18:05,515 - DEBUG - 🔥 Logging initialized correctamente
2025-07-22 15:18:06,311 - INFO - No date entered, using default 1995-03-04
2025-07-22 15:18:07,305 - INFO - Loaded data directly from CSV: /home/oa/projects/uni/data/PENSUM-Ingenieria-de-Datos-e-Inteligencia-Organizacional_updated.csv
2025-07-22 15:18:07,310 - INFO - Average grade calculated: 📊 Avg Grade: 93.50 🟢
2025-07-22 15:18:07,311 - INFO - Summary box setup completed.
2025-07-22 15:18:58,959 - DEBUG - 🔥 Logging initialized correctamente
2025-07-22 15:19:00,086 - INFO - No date entered, using default 1995-03-04
2025-07-22 15:19:01,402 - INFO - Loaded data directly from CSV: /home/oa/projects/uni/data/PENSUM-Ingenieria-de-Datos-e-Inteligencia-Organizacional_updated.csv
2025-07-22 15:19:01,407 - INFO - Average grade calculated: 📊 Avg Grade: 93.50 🟢
2025-07-22 15:19:01,407 - INFO - Summary box setup completed.
2025-07-22 15:22:59,646 - DEBUG - 🔥 Logging initialized correctamente
2025-07-22 15:23:00,756 - INFO - No date entered, using default 1995-03-04
2025-07-22 15:23:01,791 - INFO - Loaded data directly from CSV: /home/oa/projects/uni/data/PENSUM-Ingenieria-de-Datos-e-Inteligencia-Organizacional_updated.csv
2025-07-22 15:23:01,796 - INFO - Average grade calculated: 📊 Avg Grade: 93.50 🟢
2025-07-22 15:23:01,797 - INFO - Summary box setup completed.
2025-07-22 15:26:37,643 - DEBUG - 🔥 Logging initialized correctamente
2025-07-22 15:26:40,396 - INFO - No date entered, using default 1995-03-04
2025-07-22 15:26:41,606 - INFO - Loaded data directly from CSV: /home/oa/projects/uni/data/PENSUM-Ingenieria-de-Datos-e-Inteligencia-Organizacional_updated.csv
2025-07-22 15:26:41,611 - INFO - Average grade calculated: 📊 Avg Grade: 93.50 🟢
2025-07-22 15:26:41,612 - INFO - Summary box setup completed.
2025-07-22 15:32:09,874 - DEBUG - 🔥 Logging initialized correctamente
2025-07-22 15:32:11,584 - INFO - No date entered, using default 1995-03-04
2025-07-22 15:32:12,624 - INFO - Loaded data directly from CSV: /home/oa/projects/uni/data/PENSUM-Ingenieria-de-Datos-e-Inteligencia-Organizacional_updated.csv
2025-07-22 15:32:12,629 - INFO - Average grade calculated: 📊 Avg Grade: 93.50 🟢
2025-07-22 15:32:12,630 - INFO - Summary box setup completed.
2025-07-22 15:33:49,462 - DEBUG - 🔥 Logging initialized correctamente
2025-07-22 15:33:50,550 - INFO - No date entered, using default 1995-03-04
2025-07-22 15:33:51,615 - INFO - Loaded data directly from CSV: /home/oa/projects/uni/data/PENSUM-Ingenieria-de-Datos-e-Inteligencia-Organizacional_updated.csv
2025-07-22 15:33:51,621 - INFO - Average grade calculated: 📊 Avg Grade: 93.50 🟢
2025-07-22 15:33:51,621 - INFO - Summary box setup completed.
2025-07-22 15:34:44,794 - DEBUG - 🔥 Logging initialized correctamente
2025-07-22 15:34:46,273 - INFO - No date entered, using default 1995-03-04
2025-07-22 15:34:47,185 - INFO - Loaded data directly from CSV: /home/oa/projects/uni/data/PENSUM-Ingenieria-de-Datos-e-Inteligencia-Organizacional_updated.csv
2025-07-22 15:34:47,190 - INFO - Average grade calculated: 📊 Avg Grade: 93.50 🟢
2025-07-22 15:34:47,191 - INFO - Summary box setup completed.
2025-07-22 15:35:13,025 - DEBUG - 🔥 Logging initialized correctamente
2025-07-22 15:35:13,962 - INFO - No date entered, using default 1995-03-04
2025-07-22 15:35:14,921 - INFO - Loaded data directly from CSV: /home/oa/projects/uni/data/PENSUM-Ingenieria-de-Datos-e-Inteligencia-Organizacional_updated.csv
2025-07-22 15:35:14,924 - INFO - Average grade calculated: 📊 Avg Grade: 93.50 🟢
2025-07-22 15:35:14,925 - INFO - Summary box setup completed.
2025-07-22 15:41:46,103 - DEBUG - 🔥 Logging initialized correctamente
2025-07-22 15:41:46,899 - INFO - No date entered, using default 1995-03-04
2025-07-22 15:41:47,947 - INFO - Loaded data directly from CSV: /home/oa/projects/uni/data/PENSUM-Ingenieria-de-Datos-e-Inteligencia-Organizacional_updated.csv
2025-07-22 15:41:47,948 - INFO - Average grade calculated: 📊 Avg Grade: 93.50 🟢
2025-07-22 15:41:47,948 - INFO - Summary box setup completed.
2025-07-22 15:44:58,049 - DEBUG - 🔥 Logging initialized correctamente
2025-07-22 15:44:59,153 - INFO - No date entered, using default 1995-03-04
2025-07-22 15:45:00,320 - INFO - Loaded data directly from CSV: /home/oa/projects/uni/data/PENSUM-Ingenieria-de-Datos-e-Inteligencia-Organizacional_updated.csv
2025-07-22 15:45:00,325 - INFO - Average grade calculated: 📊 Avg Grade: 93.50 🟢
2025-07-22 15:45:00,326 - INFO - Summary box setup completed.
2025-07-22 15:48:54,814 - DEBUG - 🔥 Logging initialized correctamente
2025-07-22 15:48:55,760 - INFO - No date entered, using default 1995-03-04
2025-07-22 15:48:56,761 - INFO - Loaded data directly from CSV: /home/oa/projects/uni/data/PENSUM-Ingenieria-de-Datos-e-Inteligencia-Organizacional_updated.csv
2025-07-22 15:48:56,766 - INFO - Average grade calculated: 📊 Avg Grade: 93.50 🟢
2025-07-22 15:48:56,766 - INFO - Summary box setup completed.
2025-07-22 15:52:43,100 - DEBUG - 🔥 Logging initialized correctamente
2025-07-22 15:53:20,565 - DEBUG - 🔥 Logging initialized correctamente
2025-07-22 15:53:57,182 - DEBUG - 🔥 Logging initialized correctamente
2025-07-22 15:54:51,781 - DEBUG - 🔥 Logging initialized correctamente
2025-07-22 15:54:53,451 - INFO - No date entered, using default 1995-03-04
2025-07-22 15:54:54,629 - INFO - Loaded data directly from CSV: /home/oa/projects/uni/data/PENSUM-Ingenieria-de-Datos-e-Inteligencia-Organizacional_updated.csv
2025-07-22 15:54:54,634 - INFO - Average grade calculated: 📊 Avg Grade: 93.50 🟢
2025-07-22 15:54:54,635 - INFO - Summary box setup completed.
2025-07-22 15:56:51,901 - DEBUG - 🔥 Logging initialized correctamente
2025-07-22 15:56:52,839 - INFO - No date entered, using default 1995-03-04
2025-07-22 15:56:53,928 - INFO - Loaded data directly from CSV: /home/oa/projects/uni/data/PENSUM-Ingenieria-de-Datos-e-Inteligencia-Organizacional_updated.csv
2025-07-22 15:56:53,933 - INFO - Average grade calculated: 📊 Avg Grade: 93.50 🟢
2025-07-22 15:56:53,934 - INFO - Summary box setup completed.
2025-07-22 15:59:37,889 - DEBUG - 🔥 Logging initialized correctamente
2025-07-22 15:59:39,031 - INFO - No date entered, using default 1995-03-04
2025-07-22 15:59:40,044 - INFO - Loaded data directly from CSV: /home/oa/projects/uni/data/PENSUM-Ingenieria-de-Datos-e-Inteligencia-Organizacional_updated.csv
2025-07-22 15:59:40,049 - INFO - Average grade calculated: 📊 Avg Grade: 93.50 🟢
2025-07-22 15:59:40,050 - INFO - Summary box setup completed.
2025-07-22 15:59:59,861 - DEBUG - 🔥 Logging initialized correctamente
2025-07-22 16:00:00,641 - INFO - No date entered, using default 1995-03-04
2025-07-22 16:00:01,954 - INFO - Loaded data directly from CSV: /home/oa/projects/uni/data/PENSUM-Ingenieria-de-Datos-e-Inteligencia-Organizacional_updated.csv
2025-07-22 16:00:01,956 - INFO - Average grade calculated: 📊 Avg Grade: 93.50 🟢
2025-07-22 16:00:01,956 - INFO - Summary box setup completed.
2025-07-22 16:00:42,899 - DEBUG - 🔥 Logging initialized correctamente
2025-07-22 16:00:44,101 - INFO - No date entered, using default 1995-03-04
2025-07-22 16:00:45,166 - INFO - Loaded data directly from CSV: /home/oa/projects/uni/data/PENSUM-Ingenieria-de-Datos-e-Inteligencia-Organizacional_updated.csv
2025-07-22 16:00:45,171 - INFO - Average grade calculated: 📊 Avg Grade: 93.50 🟢
2025-07-22 16:00:45,172 - INFO - Summary box setup completed.
2025-07-22 16:04:15,229 - DEBUG - 🔥 Logging initialized correctamente
2025-07-22 16:04:17,328 - INFO - No date entered, using default 1995-03-04
2025-07-22 16:04:18,772 - INFO - Loaded data directly from CSV: /home/oa/projects/uni/data/PENSUM-Ingenieria-de-Datos-e-Inteligencia-Organizacional_updated.csv
2025-07-22 16:04:18,777 - INFO - Average grade calculated: 📊 Avg Grade: 93.50 🟢
2025-07-22 16:04:18,778 - INFO - Summary box setup completed.
2025-07-22 16:04:39,134 - DEBUG - 🔥 Logging initialized correctamente
2025-07-22 16:04:40,199 - INFO - No date entered, using default 1995-03-04
2025-07-22 16:04:41,285 - INFO - Loaded data directly from CSV: /home/oa/projects/uni/data/PENSUM-Ingenieria-de-Datos-e-Inteligencia-Organizacional_updated.csv
2025-07-22 16:04:41,290 - INFO - Average grade calculated: 📊 Avg Grade: 93.50 🟢
2025-07-22 16:04:41,291 - INFO - Summary box setup completed.
2025-07-22 16:06:40,158 - DEBUG - 🔥 Logging initialized correctamente
2025-07-22 16:06:51,962 - DEBUG - 🔥 Logging initialized correctamente
2025-07-22 16:06:53,295 - INFO - No date entered, using default 1995-03-04
2025-07-22 16:06:54,506 - INFO - Loaded data directly from CSV: /home/oa/projects/uni/data/PENSUM-Ingenieria-de-Datos-e-Inteligencia-Organizacional_updated.csv
2025-07-22 16:06:54,511 - INFO - Average grade calculated: 📊 Avg Grade: 93.50 🟢
2025-07-22 16:06:54,511 - INFO - Summary box setup completed.
2025-07-22 16:07:36,959 - DEBUG - 🔥 Logging initialized correctamente
2025-07-22 16:07:38,412 - INFO - No date entered, using default 1995-03-04
2025-07-22 16:07:39,675 - INFO - Loaded data directly from CSV: /home/oa/projects/uni/data/PENSUM-Ingenieria-de-Datos-e-Inteligencia-Organizacional_updated.csv
2025-07-22 16:07:39,680 - INFO - Average grade calculated: 📊 Avg Grade: 93.50 🟢
2025-07-22 16:07:39,680 - INFO - Summary box setup completed.
2025-07-22 16:08:51,445 - DEBUG - 🔥 Logging initialized correctamente
2025-07-22 16:08:52,663 - INFO - No date entered, using default 1995-03-04
2025-07-22 16:08:53,736 - INFO - Loaded data directly from CSV: /home/oa/projects/uni/data/PENSUM-Ingenieria-de-Datos-e-Inteligencia-Organizacional_updated.csv
2025-07-22 16:08:53,737 - INFO - Average grade calculated: 📊 Avg Grade: 93.50 🟢
2025-07-22 16:08:53,737 - INFO - Summary box setup completed.
2025-07-22 16:09:10,735 - DEBUG - 🔥 Logging initialized correctamente
2025-07-22 16:09:12,516 - INFO - No date entered, using default 1995-03-04
2025-07-22 16:09:13,533 - INFO - Loaded data directly from CSV: /home/oa/projects/uni/data/PENSUM-Ingenieria-de-Datos-e-Inteligencia-Organizacional_updated.csv
2025-07-22 16:09:13,538 - INFO - Average grade calculated: 📊 Avg Grade: 93.50 🟢
2025-07-22 16:09:13,539 - INFO - Summary box setup completed.
2025-07-22 16:09:45,011 - DEBUG - 🔥 Logging initialized correctamente
2025-07-22 16:10:08,967 - INFO - No date entered, using default 1995-03-04
2025-07-22 16:11:03,675 - INFO - Loaded data directly from CSV: /home/oa/projects/uni/data/PENSUM-Ingenieria-de-Datos-e-Inteligencia-Organizacional_updated.csv
2025-07-22 16:11:03,677 - INFO - Average grade calculated: 📊 Avg Grade: 93.50 🟢
2025-07-22 16:11:03,677 - INFO - Summary box setup completed.
2025-07-22 16:11:13,405 - INFO - Loaded data directly from CSV: /home/oa/projects/uni/data/PENSUM-Ingenieria-de-Datos-e-Inteligencia-Organizacional_updated.csv
2025-07-22 16:11:13,409 - INFO - Average grade calculated: 📊 Avg Grade: 93.50 🟢
2025-07-22 16:11:13,410 - INFO - Summary box setup completed.
2025-07-22 16:23:37,834 - INFO - Loaded data directly from CSV: /home/oa/projects/uni/data/PENSUM-Ingenieria-de-Datos-e-Inteligencia-Organizacional_updated.csv
2025-07-22 16:23:37,838 - INFO - Assigned grade 50.0 to subject: INGLÉS I
2025-07-22 16:23:37,842 - INFO - Average grade calculated: 📊 Avg Grade: 84.80 🟡
2025-07-22 16:23:37,842 - INFO - Summary box setup completed.
2025-07-22 16:24:17,601 - INFO - Loaded data directly from CSV: /home/oa/projects/uni/data/PENSUM-Ingenieria-de-Datos-e-Inteligencia-Organizacional_updated.csv
2025-07-22 16:24:17,602 - INFO - Assigned grade 92.0 to subject: INGLÉS I
2025-07-22 16:24:17,604 - INFO - Average grade calculated: 📊 Avg Grade: 93.20 🟢
2025-07-22 16:24:17,605 - INFO - Summary box setup completed.
